<?xml version="1.0" encoding="UTF-8"?>
<TestRun id="041dff85-8d72-4f82-91f1-0e523697bc96" name="NickMcCrea@NICKMCCREA-PC 2017-08-18 21:59:45" runUser="NickMcCrea-PC\NickMcCrea" xmlns="http://microsoft.com/schemas/VisualStudio/TeamTest/2010">
  <Times creation="2017-08-18T21:59:45.6695421+01:00" queuing="2017-08-18T21:59:45.6715435+01:00" start="2017-08-18T21:59:45.6765467+01:00" finish="2017-08-18T21:59:45.7174187+01:00" />
  <TestSettings name="default" id="36de95e5-e7f2-4cc7-a337-886d5e81f2a3">
    <Execution>
      <TestTypeSpecific />
    </Execution>
    <Deployment runDeploymentRoot="NickMcCrea_NICKMCCREA-PC 2017-08-18 21_59_45" />
    <Properties />
  </TestSettings>
  <Results>
    <UnitTestResult executionId="956655ef-876e-4bcb-bf38-b0a9272bc060" testId="bf747f2f-09a3-f362-ece5-74c18e7bff62" testName="TestMethod1" computerName="NICKMCCREA-PC" duration="00:00:00.0039225" startTime="2017-08-18T21:59:45.3554140+01:00" endTime="2017-08-18T21:59:45.5265183+01:00" testType="13cdc9d9-ddb5-4fa4-a97d-d965ccfc6d4b" outcome="Passed" testListId="8c84fa94-04c1-424b-9868-57a2d4851a1d" relativeResultsDirectory="956655ef-876e-4bcb-bf38-b0a9272bc060" />
  </Results>
  <TestDefinitions>
    <UnitTest name="TestMethod1" storage="e:\github\systemwars\systemwars\monogameopengl\testsmonogameenginecore\bin\debug\testsmonogameenginecore.dll" id="bf747f2f-09a3-f362-ece5-74c18e7bff62">
      <Execution id="956655ef-876e-4bcb-bf38-b0a9272bc060" />
      <TestMethod codeBase="E:\GitHub\SystemWars\SystemWars\MonoGameOpenGL\TestsMonoGameEngineCore\bin\Debug\TestsMonoGameEngineCore.dll" adapterTypeName="Microsoft.VisualStudio.TestTools.TestTypes.Unit.UnitTestAdapter" className="TestsMonoGameEngineCore.UnitTest1" name="TestMethod1" />
    </UnitTest>
  </TestDefinitions>
  <TestEntries>
    <TestEntry testId="bf747f2f-09a3-f362-ece5-74c18e7bff62" executionId="956655ef-876e-4bcb-bf38-b0a9272bc060" testListId="8c84fa94-04c1-424b-9868-57a2d4851a1d" />
  </TestEntries>
  <TestLists>
    <TestList name="Results Not in a List" id="8c84fa94-04c1-424b-9868-57a2d4851a1d" />
    <TestList name="All Loaded Results" id="19431567-8539-422a-85d7-44ee4e166bda" />
  </TestLists>
  <ResultSummary outcome="Completed">
    <Counters total="1" executed="1" passed="1" failed="0" error="0" timeout="0" aborted="0" inconclusive="0" passedButRunAborted="0" notRunnable="0" notExecuted="0" disconnected="0" warning="0" completed="0" inProgress="0" pending="0" />
  </ResultSummary>
</TestRun>