<?xml version="1.0" encoding="UTF-8"?>
<TestRun id="fb84c048-b2c7-4c5a-a969-01b22cb00b51" name="NickMcCrea@NICKMCCREA-PC 2017-08-18 22:03:16" runUser="NickMcCrea-PC\NickMcCrea" xmlns="http://microsoft.com/schemas/VisualStudio/TeamTest/2010">
  <Times creation="2017-08-18T22:03:16.0489121+01:00" queuing="2017-08-18T22:03:16.0509132+01:00" start="2017-08-18T22:03:16.0559174+01:00" finish="2017-08-18T22:03:16.0999485+01:00" />
  <TestSettings name="default" id="b03c3de2-8e12-4a0c-9e09-77c7684558f2">
    <Execution>
      <TestTypeSpecific />
    </Execution>
    <Deployment runDeploymentRoot="NickMcCrea_NICKMCCREA-PC 2017-08-18 22_03_16" />
    <Properties />
  </TestSettings>
  <Results>
    <UnitTestResult executionId="1cb29754-5029-440f-90e8-76c49637e4ca" testId="882decb6-2900-c0c8-76f9-1d416fcba4cf" testName="ConstructedGameObjectHasTransform" computerName="NICKMCCREA-PC" duration="00:00:00.1715082" startTime="2017-08-18T22:03:15.2177262+01:00" endTime="2017-08-18T22:03:15.5570870+01:00" testType="13cdc9d9-ddb5-4fa4-a97d-d965ccfc6d4b" outcome="Passed" testListId="8c84fa94-04c1-424b-9868-57a2d4851a1d" relativeResultsDirectory="1cb29754-5029-440f-90e8-76c49637e4ca" />
  </Results>
  <TestDefinitions>
    <UnitTest name="ConstructedGameObjectHasTransform" storage="e:\github\systemwars\systemwars\monogameopengl\testsmonogameenginecore\bin\debug\testsmonogameenginecore.dll" id="882decb6-2900-c0c8-76f9-1d416fcba4cf">
      <Execution id="1cb29754-5029-440f-90e8-76c49637e4ca" />
      <TestMethod codeBase="E:\GitHub\SystemWars\SystemWars\MonoGameOpenGL\TestsMonoGameEngineCore\bin\Debug\TestsMonoGameEngineCore.dll" adapterTypeName="Microsoft.VisualStudio.TestTools.TestTypes.Unit.UnitTestAdapter" className="TestsMonoGameEngineCore.GameObjectTests" name="ConstructedGameObjectHasTransform" />
    </UnitTest>
  </TestDefinitions>
  <TestEntries>
    <TestEntry testId="882decb6-2900-c0c8-76f9-1d416fcba4cf" executionId="1cb29754-5029-440f-90e8-76c49637e4ca" testListId="8c84fa94-04c1-424b-9868-57a2d4851a1d" />
  </TestEntries>
  <TestLists>
    <TestList name="Results Not in a List" id="8c84fa94-04c1-424b-9868-57a2d4851a1d" />
    <TestList name="All Loaded Results" id="19431567-8539-422a-85d7-44ee4e166bda" />
  </TestLists>
  <ResultSummary outcome="Completed">
    <Counters total="1" executed="1" passed="1" failed="0" error="0" timeout="0" aborted="0" inconclusive="0" passedButRunAborted="0" notRunnable="0" notExecuted="0" disconnected="0" warning="0" completed="0" inProgress="0" pending="0" />
  </ResultSummary>
</TestRun>